This file contains any messages produced by compilers while
running configure, to aid debugging if configure makes a mistake.

It was created by eSpeak NG configure 1.52.0, which was
generated by GNU Autoconf 2.71.  Invocation command line was

  $ ./configure --prefix=/media/hbdesk/hb_desk_ext/lazy_phonememize/libs

## --------- ##
## Platform. ##
## --------- ##

hostname = hbdesk
uname -m = x86_64
uname -r = 6.8.0-52-generic
uname -s = Linux
uname -v = #53-Ubuntu SMP PREEMPT_DYNAMIC Sat Jan 11 00:06:25 UTC 2025

/usr/bin/uname -p = x86_64
/bin/uname -X     = unknown

/bin/arch              = x86_64
/usr/bin/arch -k       = unknown
/usr/convex/getsysinfo = unknown
/usr/bin/hostinfo      = unknown
/bin/machine           = unknown
/usr/bin/oslevel       = unknown
/bin/universe          = unknown

PATH: /home/hbdesk/.wasmtime/bin/
PATH: /media/hbdesk/hb_desk_ext/.pyenv/plugins/pyenv-virtualenv/shims/
PATH: /media/hbdesk/hb_desk_ext/.pyenv/shims/
PATH: /media/hbdesk/hb_desk_ext/.pyenv/bin/
PATH: /home/hbdesk/.local/bin/
PATH: /home/hbdesk/.local/share/lvim/mason/bin/
PATH: /home/hbdesk/.wasmtime/bin/
PATH: /home/hbdesk/.nvm/versions/node/v18.20.3/bin/
PATH: /home/hbdesk/miniconda3/bin/
PATH: /home/hbdesk/miniconda3/condabin/
PATH: /media/hbdesk/hb_desk_ext/.pyenv/plugins/pyenv-virtualenv/shims/
PATH: /media/hbdesk/hb_desk_ext/.pyenv/bin/
PATH: /home/hbdesk/.local/bin/
PATH: /home/hbdesk/.cargo/bin/
PATH: /home/hbdesk/.local/bin/
PATH: /usr/local/sbin/
PATH: /usr/local/bin/
PATH: /usr/sbin/
PATH: /usr/bin/
PATH: /sbin/
PATH: /bin/
PATH: /usr/games/
PATH: /usr/local/games/
PATH: /snap/bin/
PATH: /snap/bin/
PATH: /home/hbdesk/fuckingzig/zig-linux-x86_64-0.13.0/
PATH: /usr/bin/Postman/
PATH: /usr/local/go/bin/
PATH: /home/hbdesk/fuckingzig/zig-linux-x86_64-0.13.0/
PATH: /usr/bin/Postman/
PATH: /usr/local/go/bin/


## ----------- ##
## Core tests. ##
## ----------- ##

configure:2935: looking for aux files: compile config.guess config.sub ltmain.sh missing install-sh
configure:2948:  trying ./
configure:2977:   ./compile found
configure:2977:   ./config.guess found
configure:2977:   ./config.sub found
configure:2977:   ./ltmain.sh found
configure:2977:   ./missing found
configure:2959:   ./install-sh found
configure:3106: checking for a BSD-compatible install
configure:3179: result: /usr/bin/install -c
configure:3190: checking whether build environment is sane
configure:3245: result: yes
configure:3404: checking for a race-free mkdir -p
configure:3448: result: /usr/bin/mkdir -p
configure:3455: checking for gawk
configure:3476: found /usr/bin/gawk
configure:3487: result: gawk
configure:3498: checking whether make sets $(MAKE)
configure:3521: result: yes
configure:3551: checking whether make supports nested variables
configure:3569: result: yes
configure:3737: checking build system type
configure:3752: result: x86_64-pc-linux-gnu
configure:3772: checking host system type
configure:3786: result: x86_64-pc-linux-gnu
configure:3827: checking how to print strings
configure:3854: result: printf
configure:3888: checking whether make supports the include directive
configure:3903: make -f confmf.GNU && cat confinc.out
make[1]: Entering directory '/media/hbdesk/hb_desk_ext/lazy_phonememize/espeak-ng'
make[1]: Leaving directory '/media/hbdesk/hb_desk_ext/lazy_phonememize/espeak-ng'
this is the am__doit target
configure:3906: $? = 0
configure:3925: result: yes (GNU style)
configure:4001: checking for gcc
configure:4022: found /usr/bin/gcc
configure:4033: result: gcc
configure:4386: checking for C compiler version
configure:4395: gcc --version >&5
gcc (Ubuntu 13.3.0-6ubuntu2~24.04) 13.3.0
Copyright (C) 2023 Free Software Foundation, Inc.
This is free software; see the source for copying conditions.  There is NO
warranty; not even for MERCHANTABILITY or FITNESS FOR A PARTICULAR PURPOSE.

configure:4406: $? = 0
configure:4395: gcc -v >&5
Using built-in specs.
COLLECT_GCC=gcc
COLLECT_LTO_WRAPPER=/usr/libexec/gcc/x86_64-linux-gnu/13/lto-wrapper
OFFLOAD_TARGET_NAMES=nvptx-none:amdgcn-amdhsa
OFFLOAD_TARGET_DEFAULT=1
Target: x86_64-linux-gnu
Configured with: ../src/configure -v --with-pkgversion='Ubuntu 13.3.0-6ubuntu2~24.04' --with-bugurl=file:///usr/share/doc/gcc-13/README.Bugs --enable-languages=c,ada,c++,go,d,fortran,objc,obj-c++,m2 --prefix=/usr --with-gcc-major-version-only --program-suffix=-13 --program-prefix=x86_64-linux-gnu- --enable-shared --enable-linker-build-id --libexecdir=/usr/libexec --without-included-gettext --enable-threads=posix --libdir=/usr/lib --enable-nls --enable-bootstrap --enable-clocale=gnu --enable-libstdcxx-debug --enable-libstdcxx-time=yes --with-default-libstdcxx-abi=new --enable-libstdcxx-backtrace --enable-gnu-unique-object --disable-vtable-verify --enable-plugin --enable-default-pie --with-system-zlib --enable-libphobos-checking=release --with-target-system-zlib=auto --enable-objc-gc=auto --enable-multiarch --disable-werror --enable-cet --with-arch-32=i686 --with-abi=m64 --with-multilib-list=m32,m64,mx32 --enable-multilib --with-tune=generic --enable-offload-targets=nvptx-none=/build/gcc-13-fG75Ri/gcc-13-13.3.0/debian/tmp-nvptx/usr,amdgcn-amdhsa=/build/gcc-13-fG75Ri/gcc-13-13.3.0/debian/tmp-gcn/usr --enable-offload-defaulted --without-cuda-driver --enable-checking=release --build=x86_64-linux-gnu --host=x86_64-linux-gnu --target=x86_64-linux-gnu --with-build-config=bootstrap-lto-lean --enable-link-serialization=2
Thread model: posix
Supported LTO compression algorithms: zlib zstd
gcc version 13.3.0 (Ubuntu 13.3.0-6ubuntu2~24.04) 
... rest of stderr output deleted ...
configure:4406: $? = 0
configure:4395: gcc -V >&5
gcc: error: unrecognized command-line option '-V'
gcc: fatal error: no input files
compilation terminated.
configure:4406: $? = 1
configure:4395: gcc -qversion >&5
gcc: error: unrecognized command-line option '-qversion'; did you mean '--version'?
gcc: fatal error: no input files
compilation terminated.
configure:4406: $? = 1
configure:4395: gcc -version >&5
gcc: error: unrecognized command-line option '-version'
gcc: fatal error: no input files
compilation terminated.
configure:4406: $? = 1
configure:4426: checking whether the C compiler works
configure:4448: gcc    conftest.c  >&5
configure:4452: $? = 0
configure:4502: result: yes
configure:4505: checking for C compiler default output file name
configure:4507: result: a.out
configure:4513: checking for suffix of executables
configure:4520: gcc -o conftest    conftest.c  >&5
configure:4524: $? = 0
configure:4547: result: 
configure:4569: checking whether we are cross compiling
configure:4577: gcc -o conftest    conftest.c  >&5
configure:4581: $? = 0
configure:4588: ./conftest
configure:4592: $? = 0
configure:4607: result: no
configure:4612: checking for suffix of object files
configure:4635: gcc -c   conftest.c >&5
configure:4639: $? = 0
configure:4661: result: o
configure:4665: checking whether the compiler supports GNU C
configure:4685: gcc -c   conftest.c >&5
configure:4685: $? = 0
configure:4695: result: yes
configure:4706: checking whether gcc accepts -g
configure:4727: gcc -c -g  conftest.c >&5
configure:4727: $? = 0
configure:4771: result: yes
configure:4791: checking for gcc option to enable C11 features
configure:4806: gcc  -c -g -O2  conftest.c >&5
configure:4806: $? = 0
configure:4824: result: none needed
configure:4940: checking whether gcc understands -c and -o together
configure:4963: gcc -c conftest.c -o conftest2.o
configure:4966: $? = 0
configure:4963: gcc -c conftest.c -o conftest2.o
configure:4966: $? = 0
configure:4978: result: yes
configure:4997: checking dependency style of gcc
configure:5109: result: gcc3
configure:5124: checking for a sed that does not truncate output
configure:5194: result: /usr/bin/sed
configure:5212: checking for grep that handles long lines and -e
configure:5276: result: /usr/bin/grep
configure:5281: checking for egrep
configure:5349: result: /usr/bin/grep -E
configure:5354: checking for fgrep
configure:5422: result: /usr/bin/grep -F
configure:5458: checking for ld used by gcc
configure:5526: result: /usr/bin/ld
configure:5533: checking if the linker (/usr/bin/ld) is GNU ld
configure:5549: result: yes
configure:5561: checking for BSD- or MS-compatible name lister (nm)
configure:5616: result: /usr/bin/nm -B
configure:5756: checking the name lister (/usr/bin/nm -B) interface
configure:5764: gcc -c -g -O2  conftest.c >&5
configure:5767: /usr/bin/nm -B "conftest.o"
configure:5770: output
0000000000000000 B some_variable
configure:5777: result: BSD nm
configure:5780: checking whether ln -s works
configure:5784: result: yes
configure:5792: checking the maximum length of command line arguments
configure:5924: result: 1572864
configure:5972: checking how to convert x86_64-pc-linux-gnu file names to x86_64-pc-linux-gnu format
configure:6013: result: func_convert_file_noop
configure:6020: checking how to convert x86_64-pc-linux-gnu file names to toolchain format
configure:6041: result: func_convert_file_noop
configure:6048: checking for /usr/bin/ld option to reload object files
configure:6056: result: -r
configure:6135: checking for file
configure:6156: found /usr/bin/file
configure:6167: result: file
configure:6243: checking for objdump
configure:6264: found /usr/bin/objdump
configure:6275: result: objdump
configure:6307: checking how to recognize dependent libraries
configure:6508: result: pass_all
configure:6598: checking for dlltool
configure:6633: result: no
configure:6663: checking how to associate runtime and link libraries
configure:6691: result: printf %s\n
configure:6757: checking for ar
configure:6778: found /usr/bin/ar
configure:6789: result: ar
configure:6842: checking for archiver @FILE support
configure:6860: gcc -c -g -O2  conftest.c >&5
configure:6860: $? = 0
configure:6864: ar cr libconftest.a @conftest.lst >&5
configure:6867: $? = 0
configure:6872: ar cr libconftest.a @conftest.lst >&5
ar: conftest.o: No such file or directory
configure:6875: $? = 1
configure:6887: result: @
configure:6950: checking for strip
configure:6971: found /usr/bin/strip
configure:6982: result: strip
configure:7059: checking for ranlib
configure:7080: found /usr/bin/ranlib
configure:7091: result: ranlib
configure:7193: checking command to parse /usr/bin/nm -B output from gcc object
configure:7347: gcc -c -g -O2  conftest.c >&5
configure:7350: $? = 0
configure:7354: /usr/bin/nm -B conftest.o | /usr/bin/sed -n -e 's/^.*[	 ]\([ABCDGIRSTW][ABCDGIRSTW]*\)[	 ][	 ]*\([_A-Za-z][_A-Za-z0-9]*\)$/\1 \2 \2/p' | /usr/bin/sed '/ __gnu_lto/d' > conftest.nm
configure:7420: gcc -o conftest -g -O2   conftest.c conftstm.o >&5
configure:7423: $? = 0
configure:7461: result: ok
configure:7508: checking for sysroot
configure:7539: result: no
configure:7546: checking for a working dd
configure:7590: result: /usr/bin/dd
configure:7594: checking how to truncate binary pipes
configure:7610: result: /usr/bin/dd bs=4096 count=1
configure:7747: gcc -c -g -O2  conftest.c >&5
configure:7750: $? = 0
configure:7947: checking for mt
configure:7968: found /usr/bin/mt
configure:7979: result: mt
configure:8002: checking if mt is a manifest tool
configure:8009: mt '-?'
configure:8017: result: no
configure:8742: checking for stdio.h
configure:8742: gcc -c -g -O2  conftest.c >&5
configure:8742: $? = 0
configure:8742: result: yes
configure:8742: checking for stdlib.h
configure:8742: gcc -c -g -O2  conftest.c >&5
configure:8742: $? = 0
configure:8742: result: yes
configure:8742: checking for string.h
configure:8742: gcc -c -g -O2  conftest.c >&5
configure:8742: $? = 0
configure:8742: result: yes
configure:8742: checking for inttypes.h
configure:8742: gcc -c -g -O2  conftest.c >&5
configure:8742: $? = 0
configure:8742: result: yes
configure:8742: checking for stdint.h
configure:8742: gcc -c -g -O2  conftest.c >&5
configure:8742: $? = 0
configure:8742: result: yes
configure:8742: checking for strings.h
configure:8742: gcc -c -g -O2  conftest.c >&5
configure:8742: $? = 0
configure:8742: result: yes
configure:8742: checking for sys/stat.h
configure:8742: gcc -c -g -O2  conftest.c >&5
configure:8742: $? = 0
configure:8742: result: yes
configure:8742: checking for sys/types.h
configure:8742: gcc -c -g -O2  conftest.c >&5
configure:8742: $? = 0
configure:8742: result: yes
configure:8742: checking for unistd.h
configure:8742: gcc -c -g -O2  conftest.c >&5
configure:8742: $? = 0
configure:8742: result: yes
configure:8742: checking for vfork.h
configure:8742: gcc -c -g -O2  conftest.c >&5
conftest.c:48:10: fatal error: vfork.h: No such file or directory
   48 | #include <vfork.h>
      |          ^~~~~~~~~
compilation terminated.
configure:8742: $? = 1
configure: failed program was:
| /* confdefs.h */
| #define PACKAGE_NAME "eSpeak NG"
| #define PACKAGE_TARNAME "espeak-ng"
| #define PACKAGE_VERSION "1.52.0"
| #define PACKAGE_STRING "eSpeak NG 1.52.0"
| #define PACKAGE_BUGREPORT "https://github.com/espeak-ng/espeak-ng/issues"
| #define PACKAGE_URL "https://github.com/espeak-ng/espeak-ng"
| #define PACKAGE "espeak-ng"
| #define VERSION "1.52.0"
| #define HAVE_STDIO_H 1
| #define HAVE_STDLIB_H 1
| #define HAVE_STRING_H 1
| #define HAVE_INTTYPES_H 1
| #define HAVE_STDINT_H 1
| #define HAVE_STRINGS_H 1
| #define HAVE_SYS_STAT_H 1
| #define HAVE_SYS_TYPES_H 1
| #define HAVE_UNISTD_H 1
| /* end confdefs.h.  */
| #include <stddef.h>
| #ifdef HAVE_STDIO_H
| # include <stdio.h>
| #endif
| #ifdef HAVE_STDLIB_H
| # include <stdlib.h>
| #endif
| #ifdef HAVE_STRING_H
| # include <string.h>
| #endif
| #ifdef HAVE_INTTYPES_H
| # include <inttypes.h>
| #endif
| #ifdef HAVE_STDINT_H
| # include <stdint.h>
| #endif
| #ifdef HAVE_STRINGS_H
| # include <strings.h>
| #endif
| #ifdef HAVE_SYS_TYPES_H
| # include <sys/types.h>
| #endif
| #ifdef HAVE_SYS_STAT_H
| # include <sys/stat.h>
| #endif
| #ifdef HAVE_UNISTD_H
| # include <unistd.h>
| #endif
| #include <vfork.h>
configure:8742: result: no
configure:8767: checking for dlfcn.h
configure:8767: gcc -c -g -O2  conftest.c >&5
configure:8767: $? = 0
configure:8767: result: yes
configure:9026: checking for objdir
configure:9042: result: .libs
configure:9306: checking if gcc supports -fno-rtti -fno-exceptions
configure:9325: gcc -c -g -O2  -fno-rtti -fno-exceptions conftest.c >&5
cc1: warning: command-line option '-fno-rtti' is valid for C++/D/ObjC++ but not for C
configure:9329: $? = 0
configure:9342: result: no
configure:9706: checking for gcc option to produce PIC
configure:9714: result: -fPIC -DPIC
configure:9722: checking if gcc PIC flag -fPIC -DPIC works
configure:9741: gcc -c -g -O2  -fPIC -DPIC -DPIC conftest.c >&5
configure:9745: $? = 0
configure:9758: result: yes
configure:9787: checking if gcc static flag -static works
configure:9816: result: yes
configure:9831: checking if gcc supports -c -o file.o
configure:9853: gcc -c -g -O2  -o out/conftest2.o conftest.c >&5
configure:9857: $? = 0
configure:9879: result: yes
configure:9887: checking if gcc supports -c -o file.o
configure:9935: result: yes
configure:9968: checking whether the gcc linker (/usr/bin/ld -m elf_x86_64) supports shared libraries
configure:11242: result: yes
configure:11279: checking whether -lc should be explicitly linked in
configure:11288: gcc -c -g -O2  conftest.c >&5
configure:11291: $? = 0
configure:11306: gcc -shared  -fPIC -DPIC conftest.o  -v -Wl,-soname -Wl,conftest -o conftest 2\>\&1 \| /usr/bin/grep  -lc  \>/dev/null 2\>\&1
configure:11309: $? = 0
configure:11323: result: no
configure:11483: checking dynamic linker characteristics
configure:12065: gcc -o conftest -g -O2   -Wl,-rpath -Wl,/foo conftest.c  >&5
configure:12065: $? = 0
configure:12316: result: GNU/Linux ld.so
configure:12438: checking how to hardcode library paths into programs
configure:12463: result: immediate
configure:13015: checking whether stripping libraries is possible
configure:13024: result: yes
configure:13066: checking if libtool supports shared libraries
configure:13068: result: yes
configure:13071: checking whether to build shared libraries
configure:13096: result: yes
configure:13099: checking whether to build static libraries
configure:13103: result: yes
configure:13153: checking whether make supports nested variables
configure:13171: result: yes
configure:13194: checking whether make supports nested variables
configure:13212: result: yes
configure:13391: checking for gcc
configure:13423: result: gcc
configure:13776: checking for C compiler version
configure:13785: gcc --version >&5
gcc (Ubuntu 13.3.0-6ubuntu2~24.04) 13.3.0
Copyright (C) 2023 Free Software Foundation, Inc.
This is free software; see the source for copying conditions.  There is NO
warranty; not even for MERCHANTABILITY or FITNESS FOR A PARTICULAR PURPOSE.

configure:13796: $? = 0
configure:13785: gcc -v >&5
Using built-in specs.
COLLECT_GCC=gcc
COLLECT_LTO_WRAPPER=/usr/libexec/gcc/x86_64-linux-gnu/13/lto-wrapper
OFFLOAD_TARGET_NAMES=nvptx-none:amdgcn-amdhsa
OFFLOAD_TARGET_DEFAULT=1
Target: x86_64-linux-gnu
Configured with: ../src/configure -v --with-pkgversion='Ubuntu 13.3.0-6ubuntu2~24.04' --with-bugurl=file:///usr/share/doc/gcc-13/README.Bugs --enable-languages=c,ada,c++,go,d,fortran,objc,obj-c++,m2 --prefix=/usr --with-gcc-major-version-only --program-suffix=-13 --program-prefix=x86_64-linux-gnu- --enable-shared --enable-linker-build-id --libexecdir=/usr/libexec --without-included-gettext --enable-threads=posix --libdir=/usr/lib --enable-nls --enable-bootstrap --enable-clocale=gnu --enable-libstdcxx-debug --enable-libstdcxx-time=yes --with-default-libstdcxx-abi=new --enable-libstdcxx-backtrace --enable-gnu-unique-object --disable-vtable-verify --enable-plugin --enable-default-pie --with-system-zlib --enable-libphobos-checking=release --with-target-system-zlib=auto --enable-objc-gc=auto --enable-multiarch --disable-werror --enable-cet --with-arch-32=i686 --with-abi=m64 --with-multilib-list=m32,m64,mx32 --enable-multilib --with-tune=generic --enable-offload-targets=nvptx-none=/build/gcc-13-fG75Ri/gcc-13-13.3.0/debian/tmp-nvptx/usr,amdgcn-amdhsa=/build/gcc-13-fG75Ri/gcc-13-13.3.0/debian/tmp-gcn/usr --enable-offload-defaulted --without-cuda-driver --enable-checking=release --build=x86_64-linux-gnu --host=x86_64-linux-gnu --target=x86_64-linux-gnu --with-build-config=bootstrap-lto-lean --enable-link-serialization=2
Thread model: posix
Supported LTO compression algorithms: zlib zstd
gcc version 13.3.0 (Ubuntu 13.3.0-6ubuntu2~24.04) 
... rest of stderr output deleted ...
configure:13796: $? = 0
configure:13785: gcc -V >&5
gcc: error: unrecognized command-line option '-V'
gcc: fatal error: no input files
compilation terminated.
configure:13796: $? = 1
configure:13785: gcc -qversion >&5
gcc: error: unrecognized command-line option '-qversion'; did you mean '--version'?
gcc: fatal error: no input files
compilation terminated.
configure:13796: $? = 1
configure:13785: gcc -version >&5
gcc: error: unrecognized command-line option '-version'
gcc: fatal error: no input files
compilation terminated.
configure:13796: $? = 1
configure:13800: checking whether the compiler supports GNU C
configure:13830: result: yes
configure:13841: checking whether gcc accepts -g
configure:13906: result: yes
configure:13926: checking for gcc option to enable C11 features
configure:13959: result: none needed
configure:14075: checking whether gcc understands -c and -o together
configure:14113: result: yes
configure:14132: checking dependency style of gcc
configure:14244: result: gcc3
configure:14328: checking for g++
configure:14349: found /usr/bin/g++
configure:14360: result: g++
configure:14387: checking for C++ compiler version
configure:14396: g++ --version >&5
g++ (Ubuntu 13.3.0-6ubuntu2~24.04) 13.3.0
Copyright (C) 2023 Free Software Foundation, Inc.
This is free software; see the source for copying conditions.  There is NO
warranty; not even for MERCHANTABILITY or FITNESS FOR A PARTICULAR PURPOSE.

configure:14407: $? = 0
configure:14396: g++ -v >&5
Using built-in specs.
COLLECT_GCC=g++
COLLECT_LTO_WRAPPER=/usr/libexec/gcc/x86_64-linux-gnu/13/lto-wrapper
OFFLOAD_TARGET_NAMES=nvptx-none:amdgcn-amdhsa
OFFLOAD_TARGET_DEFAULT=1
Target: x86_64-linux-gnu
Configured with: ../src/configure -v --with-pkgversion='Ubuntu 13.3.0-6ubuntu2~24.04' --with-bugurl=file:///usr/share/doc/gcc-13/README.Bugs --enable-languages=c,ada,c++,go,d,fortran,objc,obj-c++,m2 --prefix=/usr --with-gcc-major-version-only --program-suffix=-13 --program-prefix=x86_64-linux-gnu- --enable-shared --enable-linker-build-id --libexecdir=/usr/libexec --without-included-gettext --enable-threads=posix --libdir=/usr/lib --enable-nls --enable-bootstrap --enable-clocale=gnu --enable-libstdcxx-debug --enable-libstdcxx-time=yes --with-default-libstdcxx-abi=new --enable-libstdcxx-backtrace --enable-gnu-unique-object --disable-vtable-verify --enable-plugin --enable-default-pie --with-system-zlib --enable-libphobos-checking=release --with-target-system-zlib=auto --enable-objc-gc=auto --enable-multiarch --disable-werror --enable-cet --with-arch-32=i686 --with-abi=m64 --with-multilib-list=m32,m64,mx32 --enable-multilib --with-tune=generic --enable-offload-targets=nvptx-none=/build/gcc-13-fG75Ri/gcc-13-13.3.0/debian/tmp-nvptx/usr,amdgcn-amdhsa=/build/gcc-13-fG75Ri/gcc-13-13.3.0/debian/tmp-gcn/usr --enable-offload-defaulted --without-cuda-driver --enable-checking=release --build=x86_64-linux-gnu --host=x86_64-linux-gnu --target=x86_64-linux-gnu --with-build-config=bootstrap-lto-lean --enable-link-serialization=2
Thread model: posix
Supported LTO compression algorithms: zlib zstd
gcc version 13.3.0 (Ubuntu 13.3.0-6ubuntu2~24.04) 
... rest of stderr output deleted ...
configure:14407: $? = 0
configure:14396: g++ -V >&5
g++: error: unrecognized command-line option '-V'
g++: fatal error: no input files
compilation terminated.
configure:14407: $? = 1
configure:14396: g++ -qversion >&5
g++: error: unrecognized command-line option '-qversion'; did you mean '--version'?
g++: fatal error: no input files
compilation terminated.
configure:14407: $? = 1
configure:14411: checking whether the compiler supports GNU C++
configure:14431: g++ -c   conftest.cpp >&5
configure:14431: $? = 0
configure:14441: result: yes
configure:14452: checking whether g++ accepts -g
configure:14473: g++ -c -g  conftest.cpp >&5
configure:14473: $? = 0
configure:14517: result: yes
configure:14537: checking for g++ option to enable C++11 features
configure:14552: g++  -c -g -O2  conftest.cpp >&5
conftest.cpp: In function 'int main(int, char**)':
conftest.cpp:189:25: warning: empty parentheses were disambiguated as a function declaration [-Wvexing-parse]
  189 |   cxx11test::delegate d2();
      |                         ^~
conftest.cpp:189:25: note: remove parentheses to default-initialize a variable
  189 |   cxx11test::delegate d2();
      |                         ^~
      |                         --
conftest.cpp:189:25: note: or replace parentheses with braces to value-initialize a variable
configure:14552: $? = 0
configure:14570: result: none needed
configure:14636: checking dependency style of g++
configure:14748: result: gcc3
configure:14781: checking how to run the C++ preprocessor
configure:14803: g++ -E  conftest.cpp
configure:14803: $? = 0
configure:14818: g++ -E  conftest.cpp
conftest.cpp:23:10: fatal error: ac_nonexistent.h: No such file or directory
   23 | #include <ac_nonexistent.h>
      |          ^~~~~~~~~~~~~~~~~~
compilation terminated.
configure:14818: $? = 1
configure: failed program was:
| /* confdefs.h */
| #define PACKAGE_NAME "eSpeak NG"
| #define PACKAGE_TARNAME "espeak-ng"
| #define PACKAGE_VERSION "1.52.0"
| #define PACKAGE_STRING "eSpeak NG 1.52.0"
| #define PACKAGE_BUGREPORT "https://github.com/espeak-ng/espeak-ng/issues"
| #define PACKAGE_URL "https://github.com/espeak-ng/espeak-ng"
| #define PACKAGE "espeak-ng"
| #define VERSION "1.52.0"
| #define HAVE_STDIO_H 1
| #define HAVE_STDLIB_H 1
| #define HAVE_STRING_H 1
| #define HAVE_INTTYPES_H 1
| #define HAVE_STDINT_H 1
| #define HAVE_STRINGS_H 1
| #define HAVE_SYS_STAT_H 1
| #define HAVE_SYS_TYPES_H 1
| #define HAVE_UNISTD_H 1
| #define STDC_HEADERS 1
| #define HAVE_DLFCN_H 1
| #define LT_OBJDIR ".libs/"
| /* end confdefs.h.  */
| #include <ac_nonexistent.h>
configure:14845: result: g++ -E
configure:14859: g++ -E  conftest.cpp
configure:14859: $? = 0
configure:14874: g++ -E  conftest.cpp
conftest.cpp:23:10: fatal error: ac_nonexistent.h: No such file or directory
   23 | #include <ac_nonexistent.h>
      |          ^~~~~~~~~~~~~~~~~~
compilation terminated.
configure:14874: $? = 1
configure: failed program was:
| /* confdefs.h */
| #define PACKAGE_NAME "eSpeak NG"
| #define PACKAGE_TARNAME "espeak-ng"
| #define PACKAGE_VERSION "1.52.0"
| #define PACKAGE_STRING "eSpeak NG 1.52.0"
| #define PACKAGE_BUGREPORT "https://github.com/espeak-ng/espeak-ng/issues"
| #define PACKAGE_URL "https://github.com/espeak-ng/espeak-ng"
| #define PACKAGE "espeak-ng"
| #define VERSION "1.52.0"
| #define HAVE_STDIO_H 1
| #define HAVE_STDLIB_H 1
| #define HAVE_STRING_H 1
| #define HAVE_INTTYPES_H 1
| #define HAVE_STDINT_H 1
| #define HAVE_STRINGS_H 1
| #define HAVE_SYS_STAT_H 1
| #define HAVE_SYS_TYPES_H 1
| #define HAVE_UNISTD_H 1
| #define STDC_HEADERS 1
| #define HAVE_DLFCN_H 1
| #define LT_OBJDIR ".libs/"
| /* end confdefs.h.  */
| #include <ac_nonexistent.h>
configure:15039: checking for ld used by g++
configure:15107: result: /usr/bin/ld -m elf_x86_64
configure:15114: checking if the linker (/usr/bin/ld -m elf_x86_64) is GNU ld
configure:15130: result: yes
configure:15185: checking whether the g++ linker (/usr/bin/ld -m elf_x86_64) supports shared libraries
configure:16263: result: yes
configure:16299: g++ -c -g -O2  conftest.cpp >&5
configure:16302: $? = 0
configure:16783: checking for g++ option to produce PIC
configure:16791: result: -fPIC -DPIC
configure:16799: checking if g++ PIC flag -fPIC -DPIC works
configure:16818: g++ -c -g -O2  -fPIC -DPIC -DPIC conftest.cpp >&5
configure:16822: $? = 0
configure:16835: result: yes
configure:16858: checking if g++ static flag -static works
configure:16887: result: yes
configure:16899: checking if g++ supports -c -o file.o
configure:16921: g++ -c -g -O2  -o out/conftest2.o conftest.cpp >&5
configure:16925: $? = 0
configure:16947: result: yes
configure:16952: checking if g++ supports -c -o file.o
configure:17000: result: yes
configure:17030: checking whether the g++ linker (/usr/bin/ld -m elf_x86_64) supports shared libraries
configure:17073: result: yes
configure:17215: checking dynamic linker characteristics
configure:17975: result: GNU/Linux ld.so
configure:18040: checking how to hardcode library paths into programs
configure:18065: result: immediate
configure:18105: checking whether make sets $(MAKE)
configure:18128: result: yes
configure:18138: checking whether ln -s works
configure:18142: result: yes
configure:18151: checking for gradle
configure:18158: result: no
configure:18179: checking if gcc supports C99 without any flags
configure:18192: gcc -c -g -O2  conftest.c >&5
configure:18192: $? = 0
configure:18194: result: yes
configure:18218: checking if gcc supports C99 with the -std=c99 flag
configure:18231: gcc -c -g -O2 -std=c99  conftest.c >&5
configure:18231: $? = 0
configure:18233: result: yes
configure:18250: checking if gcc supports C99
configure:18253: result: -std=c99
configure:18327: gcc -c -g -O2 -std=c99  conftest.c >&5
conftest.c:25:21: error: #error macro not defined
   25 |                    #error macro not defined
      |                     ^~~~~
configure:18327: $? = 1
configure: failed program was:
| /* confdefs.h */
| #define PACKAGE_NAME "eSpeak NG"
| #define PACKAGE_TARNAME "espeak-ng"
| #define PACKAGE_VERSION "1.52.0"
| #define PACKAGE_STRING "eSpeak NG 1.52.0"
| #define PACKAGE_BUGREPORT "https://github.com/espeak-ng/espeak-ng/issues"
| #define PACKAGE_URL "https://github.com/espeak-ng/espeak-ng"
| #define PACKAGE "espeak-ng"
| #define VERSION "1.52.0"
| #define HAVE_STDIO_H 1
| #define HAVE_STDLIB_H 1
| #define HAVE_STRING_H 1
| #define HAVE_INTTYPES_H 1
| #define HAVE_STDINT_H 1
| #define HAVE_STRINGS_H 1
| #define HAVE_SYS_STAT_H 1
| #define HAVE_SYS_TYPES_H 1
| #define HAVE_UNISTD_H 1
| #define STDC_HEADERS 1
| #define HAVE_DLFCN_H 1
| #define LT_OBJDIR ".libs/"
| /* end confdefs.h.  */
| 
| 		   #if ! defined(__FreeBSD__)
| 		   #error macro not defined
| 		   #endif
| 
configure:18335: checking if targeting FreeBSD
configure:18342: result: no
configure:18347: checking for endian.h
configure:18347: gcc -c -g -O2 -std=c99  conftest.c >&5
configure:18347: $? = 0
configure:18347: result: yes
configure:18353: checking for fcntl.h
configure:18353: gcc -c -g -O2 -std=c99  conftest.c >&5
configure:18353: $? = 0
configure:18353: result: yes
configure:18359: checking for getopt.h
configure:18359: gcc -c -g -O2 -std=c99  conftest.c >&5
configure:18359: $? = 0
configure:18359: result: yes
configure:18365: checking for locale.h
configure:18365: gcc -c -g -O2 -std=c99  conftest.c >&5
configure:18365: $? = 0
configure:18365: result: yes
configure:18371: checking for stddef.h
configure:18371: gcc -c -g -O2 -std=c99  conftest.c >&5
configure:18371: $? = 0
configure:18371: result: yes
configure:18377: checking for stdbool.h
configure:18377: gcc -c -g -O2 -std=c99  conftest.c >&5
configure:18377: $? = 0
configure:18377: result: yes
configure:18383: checking for sys/endian.h
configure:18383: gcc -c -g -O2 -std=c99  conftest.c >&5
conftest.c:57:10: fatal error: sys/endian.h: No such file or directory
   57 | #include <sys/endian.h>
      |          ^~~~~~~~~~~~~~
compilation terminated.
configure:18383: $? = 1
configure: failed program was:
| /* confdefs.h */
| #define PACKAGE_NAME "eSpeak NG"
| #define PACKAGE_TARNAME "espeak-ng"
| #define PACKAGE_VERSION "1.52.0"
| #define PACKAGE_STRING "eSpeak NG 1.52.0"
| #define PACKAGE_BUGREPORT "https://github.com/espeak-ng/espeak-ng/issues"
| #define PACKAGE_URL "https://github.com/espeak-ng/espeak-ng"
| #define PACKAGE "espeak-ng"
| #define VERSION "1.52.0"
| #define HAVE_STDIO_H 1
| #define HAVE_STDLIB_H 1
| #define HAVE_STRING_H 1
| #define HAVE_INTTYPES_H 1
| #define HAVE_STDINT_H 1
| #define HAVE_STRINGS_H 1
| #define HAVE_SYS_STAT_H 1
| #define HAVE_SYS_TYPES_H 1
| #define HAVE_UNISTD_H 1
| #define STDC_HEADERS 1
| #define HAVE_DLFCN_H 1
| #define LT_OBJDIR ".libs/"
| #define HAVE_ENDIAN_H 1
| #define HAVE_FCNTL_H 1
| #define HAVE_GETOPT_H 1
| #define HAVE_LOCALE_H 1
| #define HAVE_STDDEF_H 1
| #define HAVE_STDBOOL_H 1
| /* end confdefs.h.  */
| #include <stddef.h>
| #ifdef HAVE_STDIO_H
| # include <stdio.h>
| #endif
| #ifdef HAVE_STDLIB_H
| # include <stdlib.h>
| #endif
| #ifdef HAVE_STRING_H
| # include <string.h>
| #endif
| #ifdef HAVE_INTTYPES_H
| # include <inttypes.h>
| #endif
| #ifdef HAVE_STDINT_H
| # include <stdint.h>
| #endif
| #ifdef HAVE_STRINGS_H
| # include <strings.h>
| #endif
| #ifdef HAVE_SYS_TYPES_H
| # include <sys/types.h>
| #endif
| #ifdef HAVE_SYS_STAT_H
| # include <sys/stat.h>
| #endif
| #ifdef HAVE_UNISTD_H
| # include <unistd.h>
| #endif
| #include <sys/endian.h>
configure:18383: result: no
configure:18389: checking for sys/time.h
configure:18389: gcc -c -g -O2 -std=c99  conftest.c >&5
configure:18389: $? = 0
configure:18389: result: yes
configure:18395: checking for wchar.h
configure:18395: gcc -c -g -O2 -std=c99  conftest.c >&5
configure:18395: $? = 0
configure:18395: result: yes
configure:18401: checking for wctype.h
configure:18401: gcc -c -g -O2 -std=c99  conftest.c >&5
configure:18401: $? = 0
configure:18401: result: yes
configure:18408: checking for size_t
configure:18408: gcc -c -g -O2 -std=c99  conftest.c >&5
configure:18408: $? = 0
configure:18408: gcc -c -g -O2 -std=c99  conftest.c >&5
conftest.c: In function 'main':
conftest.c:63:21: error: expected expression before ')' token
   63 | if (sizeof ((size_t)))
      |                     ^
configure:18408: $? = 1
configure: failed program was:
| /* confdefs.h */
| #define PACKAGE_NAME "eSpeak NG"
| #define PACKAGE_TARNAME "espeak-ng"
| #define PACKAGE_VERSION "1.52.0"
| #define PACKAGE_STRING "eSpeak NG 1.52.0"
| #define PACKAGE_BUGREPORT "https://github.com/espeak-ng/espeak-ng/issues"
| #define PACKAGE_URL "https://github.com/espeak-ng/espeak-ng"
| #define PACKAGE "espeak-ng"
| #define VERSION "1.52.0"
| #define HAVE_STDIO_H 1
| #define HAVE_STDLIB_H 1
| #define HAVE_STRING_H 1
| #define HAVE_INTTYPES_H 1
| #define HAVE_STDINT_H 1
| #define HAVE_STRINGS_H 1
| #define HAVE_SYS_STAT_H 1
| #define HAVE_SYS_TYPES_H 1
| #define HAVE_UNISTD_H 1
| #define STDC_HEADERS 1
| #define HAVE_DLFCN_H 1
| #define LT_OBJDIR ".libs/"
| #define HAVE_ENDIAN_H 1
| #define HAVE_FCNTL_H 1
| #define HAVE_GETOPT_H 1
| #define HAVE_LOCALE_H 1
| #define HAVE_STDDEF_H 1
| #define HAVE_STDBOOL_H 1
| #define HAVE_SYS_TIME_H 1
| #define HAVE_WCHAR_H 1
| #define HAVE_WCTYPE_H 1
| /* end confdefs.h.  */
| #include <stddef.h>
| #ifdef HAVE_STDIO_H
| # include <stdio.h>
| #endif
| #ifdef HAVE_STDLIB_H
| # include <stdlib.h>
| #endif
| #ifdef HAVE_STRING_H
| # include <string.h>
| #endif
| #ifdef HAVE_INTTYPES_H
| # include <inttypes.h>
| #endif
| #ifdef HAVE_STDINT_H
| # include <stdint.h>
| #endif
| #ifdef HAVE_STRINGS_H
| # include <strings.h>
| #endif
| #ifdef HAVE_SYS_TYPES_H
| # include <sys/types.h>
| #endif
| #ifdef HAVE_SYS_STAT_H
| # include <sys/stat.h>
| #endif
| #ifdef HAVE_UNISTD_H
| # include <unistd.h>
| #endif
| int
| main (void)
| {
| if (sizeof ((size_t)))
| 	    return 0;
|   ;
|   return 0;
| }
configure:18408: result: yes
configure:18418: checking for ssize_t
configure:18418: gcc -c -g -O2 -std=c99  conftest.c >&5
configure:18418: $? = 0
configure:18418: gcc -c -g -O2 -std=c99  conftest.c >&5
conftest.c: In function 'main':
conftest.c:63:22: error: expected expression before ')' token
   63 | if (sizeof ((ssize_t)))
      |                      ^
configure:18418: $? = 1
configure: failed program was:
| /* confdefs.h */
| #define PACKAGE_NAME "eSpeak NG"
| #define PACKAGE_TARNAME "espeak-ng"
| #define PACKAGE_VERSION "1.52.0"
| #define PACKAGE_STRING "eSpeak NG 1.52.0"
| #define PACKAGE_BUGREPORT "https://github.com/espeak-ng/espeak-ng/issues"
| #define PACKAGE_URL "https://github.com/espeak-ng/espeak-ng"
| #define PACKAGE "espeak-ng"
| #define VERSION "1.52.0"
| #define HAVE_STDIO_H 1
| #define HAVE_STDLIB_H 1
| #define HAVE_STRING_H 1
| #define HAVE_INTTYPES_H 1
| #define HAVE_STDINT_H 1
| #define HAVE_STRINGS_H 1
| #define HAVE_SYS_STAT_H 1
| #define HAVE_SYS_TYPES_H 1
| #define HAVE_UNISTD_H 1
| #define STDC_HEADERS 1
| #define HAVE_DLFCN_H 1
| #define LT_OBJDIR ".libs/"
| #define HAVE_ENDIAN_H 1
| #define HAVE_FCNTL_H 1
| #define HAVE_GETOPT_H 1
| #define HAVE_LOCALE_H 1
| #define HAVE_STDDEF_H 1
| #define HAVE_STDBOOL_H 1
| #define HAVE_SYS_TIME_H 1
| #define HAVE_WCHAR_H 1
| #define HAVE_WCTYPE_H 1
| /* end confdefs.h.  */
| #include <stddef.h>
| #ifdef HAVE_STDIO_H
| # include <stdio.h>
| #endif
| #ifdef HAVE_STDLIB_H
| # include <stdlib.h>
| #endif
| #ifdef HAVE_STRING_H
| # include <string.h>
| #endif
| #ifdef HAVE_INTTYPES_H
| # include <inttypes.h>
| #endif
| #ifdef HAVE_STDINT_H
| # include <stdint.h>
| #endif
| #ifdef HAVE_STRINGS_H
| # include <strings.h>
| #endif
| #ifdef HAVE_SYS_TYPES_H
| # include <sys/types.h>
| #endif
| #ifdef HAVE_SYS_STAT_H
| # include <sys/stat.h>
| #endif
| #ifdef HAVE_UNISTD_H
| # include <unistd.h>
| #endif
| int
| main (void)
| {
| if (sizeof ((ssize_t)))
| 	    return 0;
|   ;
|   return 0;
| }
configure:18418: result: yes
configure:18428: checking for uint16_t
configure:18428: gcc -c -g -O2 -std=c99  conftest.c >&5
configure:18428: $? = 0
configure:18428: result: yes
configure:18438: checking for uint32_t
configure:18438: gcc -c -g -O2 -std=c99  conftest.c >&5
configure:18438: $? = 0
configure:18438: result: yes
configure:18450: checking for uint64_t
configure:18450: gcc -c -g -O2 -std=c99  conftest.c >&5
configure:18450: $? = 0
configure:18450: result: yes
configure:18464: checking for pid_t
configure:18464: gcc -c -g -O2 -std=c99  conftest.c >&5
configure:18464: $? = 0
configure:18464: gcc -c -g -O2 -std=c99  conftest.c >&5
conftest.c: In function 'main':
conftest.c:64:20: error: expected expression before ')' token
   64 | if (sizeof ((pid_t)))
      |                    ^
configure:18464: $? = 1
configure: failed program was:
| /* confdefs.h */
| #define PACKAGE_NAME "eSpeak NG"
| #define PACKAGE_TARNAME "espeak-ng"
| #define PACKAGE_VERSION "1.52.0"
| #define PACKAGE_STRING "eSpeak NG 1.52.0"
| #define PACKAGE_BUGREPORT "https://github.com/espeak-ng/espeak-ng/issues"
| #define PACKAGE_URL "https://github.com/espeak-ng/espeak-ng"
| #define PACKAGE "espeak-ng"
| #define VERSION "1.52.0"
| #define HAVE_STDIO_H 1
| #define HAVE_STDLIB_H 1
| #define HAVE_STRING_H 1
| #define HAVE_INTTYPES_H 1
| #define HAVE_STDINT_H 1
| #define HAVE_STRINGS_H 1
| #define HAVE_SYS_STAT_H 1
| #define HAVE_SYS_TYPES_H 1
| #define HAVE_UNISTD_H 1
| #define STDC_HEADERS 1
| #define HAVE_DLFCN_H 1
| #define LT_OBJDIR ".libs/"
| #define HAVE_ENDIAN_H 1
| #define HAVE_FCNTL_H 1
| #define HAVE_GETOPT_H 1
| #define HAVE_LOCALE_H 1
| #define HAVE_STDDEF_H 1
| #define HAVE_STDBOOL_H 1
| #define HAVE_SYS_TIME_H 1
| #define HAVE_WCHAR_H 1
| #define HAVE_WCTYPE_H 1
| /* end confdefs.h.  */
| #include <stddef.h>
| #ifdef HAVE_STDIO_H
| # include <stdio.h>
| #endif
| #ifdef HAVE_STDLIB_H
| # include <stdlib.h>
| #endif
| #ifdef HAVE_STRING_H
| # include <string.h>
| #endif
| #ifdef HAVE_INTTYPES_H
| # include <inttypes.h>
| #endif
| #ifdef HAVE_STDINT_H
| # include <stdint.h>
| #endif
| #ifdef HAVE_STRINGS_H
| # include <strings.h>
| #endif
| #ifdef HAVE_SYS_TYPES_H
| # include <sys/types.h>
| #endif
| #ifdef HAVE_SYS_STAT_H
| # include <sys/stat.h>
| #endif
| #ifdef HAVE_UNISTD_H
| # include <unistd.h>
| #endif
| 
| int
| main (void)
| {
| if (sizeof ((pid_t)))
| 	    return 0;
|   ;
|   return 0;
| }
configure:18464: result: yes
configure:18505: checking for fork
configure:18505: gcc -o conftest -g -O2 -std=c99   conftest.c  >&5
configure:18505: $? = 0
configure:18505: result: yes
configure:18505: checking for vfork
configure:18505: gcc -o conftest -g -O2 -std=c99   conftest.c  >&5
configure:18505: $? = 0
configure:18505: result: yes
configure:18518: checking for working fork
configure:18542: gcc -o conftest -g -O2 -std=c99   conftest.c  >&5
configure:18542: $? = 0
configure:18542: ./conftest
configure:18542: $? = 0
configure:18553: result: yes
configure:18574: checking for working vfork
configure:18703: result: yes
configure:18728: checking for working strcoll
configure:18756: gcc -o conftest -g -O2 -std=c99   conftest.c  >&5
configure:18756: $? = 0
configure:18756: ./conftest
configure:18756: $? = 0
configure:18767: result: yes
configure:18775: checking for error_at_line
configure:18792: gcc -o conftest -g -O2 -std=c99   conftest.c  >&5
configure:18792: $? = 0
configure:18801: result: yes
configure:18813: checking for dup2
configure:18813: gcc -o conftest -g -O2 -std=c99   conftest.c  >&5
configure:18813: $? = 0
configure:18813: result: yes
configure:18820: checking for getopt_long
configure:18820: gcc -o conftest -g -O2 -std=c99   conftest.c  >&5
configure:18820: $? = 0
configure:18820: result: yes
configure:18827: checking for gettimeofday
configure:18827: gcc -o conftest -g -O2 -std=c99   conftest.c  >&5
configure:18827: $? = 0
configure:18827: result: yes
configure:18834: checking for malloc
configure:18834: gcc -o conftest -g -O2 -std=c99   conftest.c  >&5
conftest.c:56:6: warning: conflicting types for built-in function 'malloc'; expected 'void *(long unsigned int)' [-Wbuiltin-declaration-mismatch]
   56 | char malloc ();
      |      ^~~~~~
conftest.c:48:1: note: 'malloc' is declared in header '<stdlib.h>'
   47 | #include <limits.h>
   48 | #undef malloc
configure:18834: $? = 0
configure:18834: result: yes
configure:18840: checking for memchr
configure:18840: gcc -o conftest -g -O2 -std=c99   conftest.c  >&5
conftest.c:57:6: warning: conflicting types for built-in function 'memchr'; expected 'void *(const void *, int,  long unsigned int)' [-Wbuiltin-declaration-mismatch]
   57 | char memchr ();
      |      ^~~~~~
conftest.c:49:1: note: 'memchr' is declared in header '<string.h>'
   48 | #include <limits.h>
   49 | #undef memchr
configure:18840: $? = 0
configure:18840: result: yes
configure:18847: checking for memmove
configure:18847: gcc -o conftest -g -O2 -std=c99   conftest.c  >&5
conftest.c:58:6: warning: conflicting types for built-in function 'memmove'; expected 'void *(void *, const void *, long unsigned int)' [-Wbuiltin-declaration-mismatch]
   58 | char memmove ();
      |      ^~~~~~~
conftest.c:50:1: note: 'memmove' is declared in header '<string.h>'
   49 | #include <limits.h>
   50 | #undef memmove
configure:18847: $? = 0
configure:18847: result: yes
configure:18854: checking for memset
configure:18854: gcc -o conftest -g -O2 -std=c99   conftest.c  >&5
conftest.c:59:6: warning: conflicting types for built-in function 'memset'; expected 'void *(void *, int,  long unsigned int)' [-Wbuiltin-declaration-mismatch]
   59 | char memset ();
      |      ^~~~~~
conftest.c:51:1: note: 'memset' is declared in header '<string.h>'
   50 | #include <limits.h>
   51 | #undef memset
configure:18854: $? = 0
configure:18854: result: yes
configure:18861: checking for mkdir
configure:18861: gcc -o conftest -g -O2 -std=c99   conftest.c  >&5
configure:18861: $? = 0
configure:18861: result: yes
configure:18868: checking for mkstemp
configure:18868: gcc -o conftest -g -O2 -std=c99   conftest.c  >&5
configure:18868: $? = 0
configure:18868: result: yes
configure:18875: checking for pow
configure:18875: gcc -o conftest -g -O2 -std=c99   conftest.c  >&5
conftest.c:62:6: warning: conflicting types for built-in function 'pow'; expected 'double(double,  double)' [-Wbuiltin-declaration-mismatch]
   62 | char pow ();
      |      ^~~
conftest.c:54:1: note: 'pow' is declared in header '<math.h>'
   53 | #include <limits.h>
   54 | #undef pow
/usr/bin/ld: /tmp/cc4cyxjU.o: in function `main':
/media/hbdesk/hb_desk_ext/lazy_phonememize/espeak-ng/conftest.c:73:(.text.startup+0xb): undefined reference to `pow'
collect2: error: ld returned 1 exit status
configure:18875: $? = 1
configure: failed program was:
| /* confdefs.h */
| #define PACKAGE_NAME "eSpeak NG"
| #define PACKAGE_TARNAME "espeak-ng"
| #define PACKAGE_VERSION "1.52.0"
| #define PACKAGE_STRING "eSpeak NG 1.52.0"
| #define PACKAGE_BUGREPORT "https://github.com/espeak-ng/espeak-ng/issues"
| #define PACKAGE_URL "https://github.com/espeak-ng/espeak-ng"
| #define PACKAGE "espeak-ng"
| #define VERSION "1.52.0"
| #define HAVE_STDIO_H 1
| #define HAVE_STDLIB_H 1
| #define HAVE_STRING_H 1
| #define HAVE_INTTYPES_H 1
| #define HAVE_STDINT_H 1
| #define HAVE_STRINGS_H 1
| #define HAVE_SYS_STAT_H 1
| #define HAVE_SYS_TYPES_H 1
| #define HAVE_UNISTD_H 1
| #define STDC_HEADERS 1
| #define HAVE_DLFCN_H 1
| #define LT_OBJDIR ".libs/"
| #define HAVE_ENDIAN_H 1
| #define HAVE_FCNTL_H 1
| #define HAVE_GETOPT_H 1
| #define HAVE_LOCALE_H 1
| #define HAVE_STDDEF_H 1
| #define HAVE_STDBOOL_H 1
| #define HAVE_SYS_TIME_H 1
| #define HAVE_WCHAR_H 1
| #define HAVE_WCTYPE_H 1
| #define HAVE_FORK 1
| #define HAVE_VFORK 1
| #define HAVE_WORKING_VFORK 1
| #define HAVE_WORKING_FORK 1
| #define HAVE_STRCOLL 1
| #define HAVE_DUP2 1
| #define HAVE_GETOPT_LONG 1
| #define HAVE_GETTIMEOFDAY 1
| #define HAVE_MALLOC 1
| #define HAVE_MEMCHR 1
| #define HAVE_MEMMOVE 1
| #define HAVE_MEMSET 1
| #define HAVE_MKDIR 1
| #define HAVE_MKSTEMP 1
| /* end confdefs.h.  */
| /* Define pow to an innocuous variant, in case <limits.h> declares pow.
|    For example, HP-UX 11i <limits.h> declares gettimeofday.  */
| #define pow innocuous_pow
| 
| /* System header to define __stub macros and hopefully few prototypes,
|    which can conflict with char pow (); below.  */
| 
| #include <limits.h>
| #undef pow
| 
| /* Override any GCC internal prototype to avoid an error.
|    Use char because int might match the return type of a GCC
|    builtin and then its argument prototype would still apply.  */
| #ifdef __cplusplus
| extern "C"
| #endif
| char pow ();
| /* The GNU C library defines this for functions which it implements
|     to always fail with ENOSYS.  Some functions are actually named
|     something starting with __ and the normal name is an alias.  */
| #if defined __stub_pow || defined __stub___pow
| choke me
| #endif
| 
| int
| main (void)
| {
| return pow ();
|   ;
|   return 0;
| }
configure:18875: result: no
configure:18882: checking for realloc
configure:18882: gcc -o conftest -g -O2 -std=c99   conftest.c  >&5
conftest.c:62:6: warning: conflicting types for built-in function 'realloc'; expected 'void *(void *, long unsigned int)' [-Wbuiltin-declaration-mismatch]
   62 | char realloc ();
      |      ^~~~~~~
conftest.c:54:1: note: 'realloc' is declared in header '<stdlib.h>'
   53 | #include <limits.h>
   54 | #undef realloc
configure:18882: $? = 0
configure:18882: result: yes
configure:18888: checking for setlocale
configure:18888: gcc -o conftest -g -O2 -std=c99   conftest.c  >&5
configure:18888: $? = 0
configure:18888: result: yes
configure:18895: checking for sqrt
configure:18895: gcc -o conftest -g -O2 -std=c99   conftest.c  >&5
conftest.c:64:6: warning: conflicting types for built-in function 'sqrt'; expected 'double(double)' [-Wbuiltin-declaration-mismatch]
   64 | char sqrt ();
      |      ^~~~
conftest.c:56:1: note: 'sqrt' is declared in header '<math.h>'
   55 | #include <limits.h>
   56 | #undef sqrt
/usr/bin/ld: /tmp/ccO6Ogh1.o: in function `main':
/media/hbdesk/hb_desk_ext/lazy_phonememize/espeak-ng/conftest.c:75:(.text.startup+0xb): undefined reference to `sqrt'
collect2: error: ld returned 1 exit status
configure:18895: $? = 1
configure: failed program was:
| /* confdefs.h */
| #define PACKAGE_NAME "eSpeak NG"
| #define PACKAGE_TARNAME "espeak-ng"
| #define PACKAGE_VERSION "1.52.0"
| #define PACKAGE_STRING "eSpeak NG 1.52.0"
| #define PACKAGE_BUGREPORT "https://github.com/espeak-ng/espeak-ng/issues"
| #define PACKAGE_URL "https://github.com/espeak-ng/espeak-ng"
| #define PACKAGE "espeak-ng"
| #define VERSION "1.52.0"
| #define HAVE_STDIO_H 1
| #define HAVE_STDLIB_H 1
| #define HAVE_STRING_H 1
| #define HAVE_INTTYPES_H 1
| #define HAVE_STDINT_H 1
| #define HAVE_STRINGS_H 1
| #define HAVE_SYS_STAT_H 1
| #define HAVE_SYS_TYPES_H 1
| #define HAVE_UNISTD_H 1
| #define STDC_HEADERS 1
| #define HAVE_DLFCN_H 1
| #define LT_OBJDIR ".libs/"
| #define HAVE_ENDIAN_H 1
| #define HAVE_FCNTL_H 1
| #define HAVE_GETOPT_H 1
| #define HAVE_LOCALE_H 1
| #define HAVE_STDDEF_H 1
| #define HAVE_STDBOOL_H 1
| #define HAVE_SYS_TIME_H 1
| #define HAVE_WCHAR_H 1
| #define HAVE_WCTYPE_H 1
| #define HAVE_FORK 1
| #define HAVE_VFORK 1
| #define HAVE_WORKING_VFORK 1
| #define HAVE_WORKING_FORK 1
| #define HAVE_STRCOLL 1
| #define HAVE_DUP2 1
| #define HAVE_GETOPT_LONG 1
| #define HAVE_GETTIMEOFDAY 1
| #define HAVE_MALLOC 1
| #define HAVE_MEMCHR 1
| #define HAVE_MEMMOVE 1
| #define HAVE_MEMSET 1
| #define HAVE_MKDIR 1
| #define HAVE_MKSTEMP 1
| #define HAVE_REALLOC 1
| #define HAVE_SETLOCALE 1
| /* end confdefs.h.  */
| /* Define sqrt to an innocuous variant, in case <limits.h> declares sqrt.
|    For example, HP-UX 11i <limits.h> declares gettimeofday.  */
| #define sqrt innocuous_sqrt
| 
| /* System header to define __stub macros and hopefully few prototypes,
|    which can conflict with char sqrt (); below.  */
| 
| #include <limits.h>
| #undef sqrt
| 
| /* Override any GCC internal prototype to avoid an error.
|    Use char because int might match the return type of a GCC
|    builtin and then its argument prototype would still apply.  */
| #ifdef __cplusplus
| extern "C"
| #endif
| char sqrt ();
| /* The GNU C library defines this for functions which it implements
|     to always fail with ENOSYS.  Some functions are actually named
|     something starting with __ and the normal name is an alias.  */
| #if defined __stub_sqrt || defined __stub___sqrt
| choke me
| #endif
| 
| int
| main (void)
| {
| return sqrt ();
|   ;
|   return 0;
| }
configure:18895: result: no
configure:18902: checking for strchr
configure:18902: gcc -o conftest -g -O2 -std=c99   conftest.c  >&5
conftest.c:64:6: warning: conflicting types for built-in function 'strchr'; expected 'char *(const char *, int)' [-Wbuiltin-declaration-mismatch]
   64 | char strchr ();
      |      ^~~~~~
conftest.c:56:1: note: 'strchr' is declared in header '<string.h>'
   55 | #include <limits.h>
   56 | #undef strchr
configure:18902: $? = 0
configure:18902: result: yes
configure:18909: checking for strdup
configure:18909: gcc -o conftest -g -O2 -std=c99   conftest.c  >&5
configure:18909: $? = 0
configure:18909: result: yes
configure:18916: checking for strerror
configure:18916: gcc -o conftest -g -O2 -std=c99   conftest.c  >&5
configure:18916: $? = 0
configure:18916: result: yes
configure:18923: checking for strrchr
configure:18923: gcc -o conftest -g -O2 -std=c99   conftest.c  >&5
conftest.c:67:6: warning: conflicting types for built-in function 'strrchr'; expected 'char *(const char *, int)' [-Wbuiltin-declaration-mismatch]
   67 | char strrchr ();
      |      ^~~~~~~
conftest.c:59:1: note: 'strrchr' is declared in header '<string.h>'
   58 | #include <limits.h>
   59 | #undef strrchr
configure:18923: $? = 0
configure:18923: result: yes
configure:18930: checking for strstr
configure:18930: gcc -o conftest -g -O2 -std=c99   conftest.c  >&5
conftest.c:68:6: warning: conflicting types for built-in function 'strstr'; expected 'char *(const char *, const char *)' [-Wbuiltin-declaration-mismatch]
   68 | char strstr ();
      |      ^~~~~~
conftest.c:60:1: note: 'strstr' is declared in header '<string.h>'
   59 | #include <limits.h>
   60 | #undef strstr
configure:18930: $? = 0
configure:18930: result: yes
configure:18945: checking for pcaudiolib/audio.h
configure:18945: gcc -c -g -O2 -std=c99  conftest.c >&5
conftest.c:81:10: fatal error: pcaudiolib/audio.h: No such file or directory
   81 | #include <pcaudiolib/audio.h>
      |          ^~~~~~~~~~~~~~~~~~~~
compilation terminated.
configure:18945: $? = 1
configure: failed program was:
| /* confdefs.h */
| #define PACKAGE_NAME "eSpeak NG"
| #define PACKAGE_TARNAME "espeak-ng"
| #define PACKAGE_VERSION "1.52.0"
| #define PACKAGE_STRING "eSpeak NG 1.52.0"
| #define PACKAGE_BUGREPORT "https://github.com/espeak-ng/espeak-ng/issues"
| #define PACKAGE_URL "https://github.com/espeak-ng/espeak-ng"
| #define PACKAGE "espeak-ng"
| #define VERSION "1.52.0"
| #define HAVE_STDIO_H 1
| #define HAVE_STDLIB_H 1
| #define HAVE_STRING_H 1
| #define HAVE_INTTYPES_H 1
| #define HAVE_STDINT_H 1
| #define HAVE_STRINGS_H 1
| #define HAVE_SYS_STAT_H 1
| #define HAVE_SYS_TYPES_H 1
| #define HAVE_UNISTD_H 1
| #define STDC_HEADERS 1
| #define HAVE_DLFCN_H 1
| #define LT_OBJDIR ".libs/"
| #define HAVE_ENDIAN_H 1
| #define HAVE_FCNTL_H 1
| #define HAVE_GETOPT_H 1
| #define HAVE_LOCALE_H 1
| #define HAVE_STDDEF_H 1
| #define HAVE_STDBOOL_H 1
| #define HAVE_SYS_TIME_H 1
| #define HAVE_WCHAR_H 1
| #define HAVE_WCTYPE_H 1
| #define HAVE_FORK 1
| #define HAVE_VFORK 1
| #define HAVE_WORKING_VFORK 1
| #define HAVE_WORKING_FORK 1
| #define HAVE_STRCOLL 1
| #define HAVE_DUP2 1
| #define HAVE_GETOPT_LONG 1
| #define HAVE_GETTIMEOFDAY 1
| #define HAVE_MALLOC 1
| #define HAVE_MEMCHR 1
| #define HAVE_MEMMOVE 1
| #define HAVE_MEMSET 1
| #define HAVE_MKDIR 1
| #define HAVE_MKSTEMP 1
| #define HAVE_REALLOC 1
| #define HAVE_SETLOCALE 1
| #define HAVE_STRCHR 1
| #define HAVE_STRDUP 1
| #define HAVE_STRERROR 1
| #define HAVE_STRRCHR 1
| #define HAVE_STRSTR 1
| /* end confdefs.h.  */
| #include <stddef.h>
| #ifdef HAVE_STDIO_H
| # include <stdio.h>
| #endif
| #ifdef HAVE_STDLIB_H
| # include <stdlib.h>
| #endif
| #ifdef HAVE_STRING_H
| # include <string.h>
| #endif
| #ifdef HAVE_INTTYPES_H
| # include <inttypes.h>
| #endif
| #ifdef HAVE_STDINT_H
| # include <stdint.h>
| #endif
| #ifdef HAVE_STRINGS_H
| # include <strings.h>
| #endif
| #ifdef HAVE_SYS_TYPES_H
| # include <sys/types.h>
| #endif
| #ifdef HAVE_SYS_STAT_H
| # include <sys/stat.h>
| #endif
| #ifdef HAVE_UNISTD_H
| # include <unistd.h>
| #endif
| #include <pcaudiolib/audio.h>
configure:18945: result: no
configure:18990: checking for sonic.h
configure:18990: gcc -c -g -O2 -std=c99  conftest.c >&5
conftest.c:81:10: fatal error: sonic.h: No such file or directory
   81 | #include <sonic.h>
      |          ^~~~~~~~~
compilation terminated.
configure:18990: $? = 1
configure: failed program was:
| /* confdefs.h */
| #define PACKAGE_NAME "eSpeak NG"
| #define PACKAGE_TARNAME "espeak-ng"
| #define PACKAGE_VERSION "1.52.0"
| #define PACKAGE_STRING "eSpeak NG 1.52.0"
| #define PACKAGE_BUGREPORT "https://github.com/espeak-ng/espeak-ng/issues"
| #define PACKAGE_URL "https://github.com/espeak-ng/espeak-ng"
| #define PACKAGE "espeak-ng"
| #define VERSION "1.52.0"
| #define HAVE_STDIO_H 1
| #define HAVE_STDLIB_H 1
| #define HAVE_STRING_H 1
| #define HAVE_INTTYPES_H 1
| #define HAVE_STDINT_H 1
| #define HAVE_STRINGS_H 1
| #define HAVE_SYS_STAT_H 1
| #define HAVE_SYS_TYPES_H 1
| #define HAVE_UNISTD_H 1
| #define STDC_HEADERS 1
| #define HAVE_DLFCN_H 1
| #define LT_OBJDIR ".libs/"
| #define HAVE_ENDIAN_H 1
| #define HAVE_FCNTL_H 1
| #define HAVE_GETOPT_H 1
| #define HAVE_LOCALE_H 1
| #define HAVE_STDDEF_H 1
| #define HAVE_STDBOOL_H 1
| #define HAVE_SYS_TIME_H 1
| #define HAVE_WCHAR_H 1
| #define HAVE_WCTYPE_H 1
| #define HAVE_FORK 1
| #define HAVE_VFORK 1
| #define HAVE_WORKING_VFORK 1
| #define HAVE_WORKING_FORK 1
| #define HAVE_STRCOLL 1
| #define HAVE_DUP2 1
| #define HAVE_GETOPT_LONG 1
| #define HAVE_GETTIMEOFDAY 1
| #define HAVE_MALLOC 1
| #define HAVE_MEMCHR 1
| #define HAVE_MEMMOVE 1
| #define HAVE_MEMSET 1
| #define HAVE_MKDIR 1
| #define HAVE_MKSTEMP 1
| #define HAVE_REALLOC 1
| #define HAVE_SETLOCALE 1
| #define HAVE_STRCHR 1
| #define HAVE_STRDUP 1
| #define HAVE_STRERROR 1
| #define HAVE_STRRCHR 1
| #define HAVE_STRSTR 1
| /* end confdefs.h.  */
| #include <stddef.h>
| #ifdef HAVE_STDIO_H
| # include <stdio.h>
| #endif
| #ifdef HAVE_STDLIB_H
| # include <stdlib.h>
| #endif
| #ifdef HAVE_STRING_H
| # include <string.h>
| #endif
| #ifdef HAVE_INTTYPES_H
| # include <inttypes.h>
| #endif
| #ifdef HAVE_STDINT_H
| # include <stdint.h>
| #endif
| #ifdef HAVE_STRINGS_H
| # include <strings.h>
| #endif
| #ifdef HAVE_SYS_TYPES_H
| # include <sys/types.h>
| #endif
| #ifdef HAVE_SYS_STAT_H
| # include <sys/stat.h>
| #endif
| #ifdef HAVE_UNISTD_H
| # include <unistd.h>
| #endif
| #include <sonic.h>
configure:18990: result: no
configure:19051: checking for valgrind/memcheck.h
configure:19051: gcc -c -g -O2 -std=c99  conftest.c >&5
configure:19051: $? = 0
configure:19051: result: yes
configure:19101: checking for ronn
configure:19134: result: no
configure:19154: checking for kramdown
configure:19187: result: no
configure:19241: checking whether C compiler accepts -Wimplicit
configure:19261: gcc -c -g -O2 -std=c99  -Wimplicit  conftest.c >&5
configure:19261: $? = 0
configure:19270: result: yes
configure:19279: checking whether C compiler accepts -Wint-conversion
configure:19299: gcc -c -Wimplicit -g -O2 -std=c99  -Wint-conversion  conftest.c >&5
configure:19299: $? = 0
configure:19308: result: yes
configure:19317: checking whether C compiler accepts -Wmissing-prototypes
configure:19337: gcc -c -Wint-conversion -Wimplicit -g -O2 -std=c99  -Wmissing-prototypes  conftest.c >&5
configure:19337: $? = 0
configure:19346: result: yes
configure:19355: checking whether C compiler accepts -Wreturn-type
configure:19375: gcc -c -Wmissing-prototypes -Wint-conversion -Wimplicit -g -O2 -std=c99  -Wreturn-type  conftest.c >&5
configure:19375: $? = 0
configure:19384: result: yes
configure:19393: checking whether C compiler accepts -Wuninitialized
configure:19413: gcc -c -Wreturn-type -Wmissing-prototypes -Wint-conversion -Wimplicit -g -O2 -std=c99  -Wuninitialized  conftest.c >&5
configure:19413: $? = 0
configure:19422: result: yes
configure:19431: checking whether C compiler accepts -Wunused
configure:19451: gcc -c -Wuninitialized -Wreturn-type -Wmissing-prototypes -Wint-conversion -Wimplicit -g -O2 -std=c99  -Wunused  conftest.c >&5
configure:19451: $? = 0
configure:19460: result: yes
configure:19469: checking whether C compiler accepts -Wunused-parameter
configure:19489: gcc -c -Wunused -Wuninitialized -Wreturn-type -Wmissing-prototypes -Wint-conversion -Wimplicit -g -O2 -std=c99  -Wunused-parameter  conftest.c >&5
configure:19489: $? = 0
configure:19498: result: yes
configure:19510: checking whether C compiler accepts -fwrapv
configure:19530: gcc -c -Wunused-parameter -Wunused -Wuninitialized -Wreturn-type -Wmissing-prototypes -Wint-conversion -Wimplicit -g -O2 -std=c99  -fwrapv  conftest.c >&5
configure:19530: $? = 0
configure:19539: result: yes
configure:19685: checking that generated files are newer than configure
configure:19691: result: done
configure:19766: creating ./config.status

## ---------------------- ##
## Running config.status. ##
## ---------------------- ##

This file was extended by eSpeak NG config.status 1.52.0, which was
generated by GNU Autoconf 2.71.  Invocation command line was

  CONFIG_FILES    = 
  CONFIG_HEADERS  = 
  CONFIG_LINKS    = 
  CONFIG_COMMANDS = 
  $ ./config.status 

on hbdesk

config.status:1208: creating Makefile
config.status:1208: creating espeak-ng.pc
config.status:1208: creating config.h
config.status:1389: config.h is unchanged
config.status:1437: executing depfiles commands
config.status:1514: cd .       && sed -e '/# am--include-marker/d' Makefile         | make -f - am--depfiles
make[1]: Entering directory '/media/hbdesk/hb_desk_ext/lazy_phonememize/espeak-ng'
/tmp/GmClP797:3035: warning: ignoring prerequisites on suffix rule definition
make[1]: Nothing to be done for 'am--depfiles'.
make[1]: Leaving directory '/media/hbdesk/hb_desk_ext/lazy_phonememize/espeak-ng'
config.status:1519: $? = 0
config.status:1437: executing libtool commands
configure:22191:

    Configuration for eSpeak NG complete.

        Source code location:          .

        C99 Compiler:                  gcc
        C99 Compiler flags:            -fwrapv -Wunused-parameter -Wunused -Wuninitialized -Wreturn-type -Wmissing-prototypes -Wint-conversion -Wimplicit -g -O2 -std=c99

        Sonic:                         no
        PCAudioLib:                    no

        gradle (Android):              

        Klatt:                         yes
        speechPlayer:                  yes
        MBROLA:                        yes
        Async:                         yes

        Extended Dictionaries:
            Russian:                   yes
            Chinese (Mandarin):        yes
            Chinese (Cantonese):       yes


## ---------------- ##
## Cache variables. ##
## ---------------- ##

ac_cv_build=x86_64-pc-linux-gnu
ac_cv_c_compiler_gnu=yes
ac_cv_c_uint16_t=yes
ac_cv_c_uint32_t=yes
ac_cv_c_uint64_t=yes
ac_cv_cxx_compiler_gnu=yes
ac_cv_env_CCC_set=
ac_cv_env_CCC_value=
ac_cv_env_CC_set=
ac_cv_env_CC_value=
ac_cv_env_CFLAGS_set=
ac_cv_env_CFLAGS_value=
ac_cv_env_CPPFLAGS_set=
ac_cv_env_CPPFLAGS_value=
ac_cv_env_CXXCPP_set=
ac_cv_env_CXXCPP_value=
ac_cv_env_CXXFLAGS_set=
ac_cv_env_CXXFLAGS_value=
ac_cv_env_CXX_set=
ac_cv_env_CXX_value=
ac_cv_env_LDFLAGS_set=
ac_cv_env_LDFLAGS_value=
ac_cv_env_LIBS_set=
ac_cv_env_LIBS_value=
ac_cv_env_LT_SYS_LIBRARY_PATH_set=
ac_cv_env_LT_SYS_LIBRARY_PATH_value=
ac_cv_env_build_alias_set=
ac_cv_env_build_alias_value=
ac_cv_env_host_alias_set=
ac_cv_env_host_alias_value=
ac_cv_env_target_alias_set=
ac_cv_env_target_alias_value=
ac_cv_func_dup2=yes
ac_cv_func_fork=yes
ac_cv_func_fork_works=yes
ac_cv_func_getopt_long=yes
ac_cv_func_gettimeofday=yes
ac_cv_func_malloc=yes
ac_cv_func_memchr=yes
ac_cv_func_memmove=yes
ac_cv_func_memset=yes
ac_cv_func_mkdir=yes
ac_cv_func_mkstemp=yes
ac_cv_func_pow=no
ac_cv_func_realloc=yes
ac_cv_func_setlocale=yes
ac_cv_func_sqrt=no
ac_cv_func_strchr=yes
ac_cv_func_strcoll_works=yes
ac_cv_func_strdup=yes
ac_cv_func_strerror=yes
ac_cv_func_strrchr=yes
ac_cv_func_strstr=yes
ac_cv_func_vfork=yes
ac_cv_func_vfork_works=yes
ac_cv_header_dlfcn_h=yes
ac_cv_header_endian_h=yes
ac_cv_header_fcntl_h=yes
ac_cv_header_getopt_h=yes
ac_cv_header_inttypes_h=yes
ac_cv_header_locale_h=yes
ac_cv_header_pcaudiolib_audio_h=no
ac_cv_header_sonic_h=no
ac_cv_header_stdbool_h=yes
ac_cv_header_stddef_h=yes
ac_cv_header_stdint_h=yes
ac_cv_header_stdio_h=yes
ac_cv_header_stdlib_h=yes
ac_cv_header_string_h=yes
ac_cv_header_strings_h=yes
ac_cv_header_sys_endian_h=no
ac_cv_header_sys_stat_h=yes
ac_cv_header_sys_time_h=yes
ac_cv_header_sys_types_h=yes
ac_cv_header_unistd_h=yes
ac_cv_header_valgrind_memcheck_h=yes
ac_cv_header_vfork_h=no
ac_cv_header_wchar_h=yes
ac_cv_header_wctype_h=yes
ac_cv_host=x86_64-pc-linux-gnu
ac_cv_lib_error_at_line=yes
ac_cv_objext=o
ac_cv_path_EGREP='/usr/bin/grep -E'
ac_cv_path_FGREP='/usr/bin/grep -F'
ac_cv_path_GREP=/usr/bin/grep
ac_cv_path_SED=/usr/bin/sed
ac_cv_path_install='/usr/bin/install -c'
ac_cv_path_lt_DD=/usr/bin/dd
ac_cv_path_mkdir=/usr/bin/mkdir
ac_cv_prog_AWK=gawk
ac_cv_prog_CXXCPP='g++ -E'
ac_cv_prog_KRAMDOWN=no
ac_cv_prog_RONN=no
ac_cv_prog_ac_ct_AR=ar
ac_cv_prog_ac_ct_CC=gcc
ac_cv_prog_ac_ct_CXX=g++
ac_cv_prog_ac_ct_FILECMD=file
ac_cv_prog_ac_ct_MANIFEST_TOOL=mt
ac_cv_prog_ac_ct_OBJDUMP=objdump
ac_cv_prog_ac_ct_RANLIB=ranlib
ac_cv_prog_ac_ct_STRIP=strip
ac_cv_prog_cc_c11=
ac_cv_prog_cc_g=yes
ac_cv_prog_cc_stdc=
ac_cv_prog_cxx_cxx11=
ac_cv_prog_cxx_g=yes
ac_cv_prog_cxx_stdcxx=
ac_cv_prog_make_make_set=yes
ac_cv_type_pid_t=yes
ac_cv_type_size_t=yes
ac_cv_type_ssize_t=yes
am_cv_CC_dependencies_compiler_type=gcc3
am_cv_CXX_dependencies_compiler_type=gcc3
am_cv_make_support_nested_variables=yes
am_cv_prog_cc_c_o=yes
ax_cv_check_cflags___Wimplicit=yes
ax_cv_check_cflags___Wint_conversion=yes
ax_cv_check_cflags___Wmissing_prototypes=yes
ax_cv_check_cflags___Wreturn_type=yes
ax_cv_check_cflags___Wuninitialized=yes
ax_cv_check_cflags___Wunused=yes
ax_cv_check_cflags___Wunused_parameter=yes
ax_cv_check_cflags___fwrapv=yes
lt_cv_ar_at_file=@
lt_cv_archive_cmds_need_lc=no
lt_cv_deplibs_check_method=pass_all
lt_cv_file_magic_cmd='$MAGIC_CMD'
lt_cv_file_magic_test_file=
lt_cv_ld_reload_flag=-r
lt_cv_nm_interface='BSD nm'
lt_cv_objdir=.libs
lt_cv_path_LD=/usr/bin/ld
lt_cv_path_LDCXX='/usr/bin/ld -m elf_x86_64'
lt_cv_path_NM='/usr/bin/nm -B'
lt_cv_path_mainfest_tool=no
lt_cv_prog_compiler_c_o=yes
lt_cv_prog_compiler_c_o_CXX=yes
lt_cv_prog_compiler_pic='-fPIC -DPIC'
lt_cv_prog_compiler_pic_CXX='-fPIC -DPIC'
lt_cv_prog_compiler_pic_works=yes
lt_cv_prog_compiler_pic_works_CXX=yes
lt_cv_prog_compiler_rtti_exceptions=no
lt_cv_prog_compiler_static_works=yes
lt_cv_prog_compiler_static_works_CXX=yes
lt_cv_prog_gnu_ld=yes
lt_cv_prog_gnu_ldcxx=yes
lt_cv_sharedlib_from_linklib_cmd='printf %s\n'
lt_cv_shlibpath_overrides_runpath=yes
lt_cv_sys_global_symbol_pipe='/usr/bin/sed -n -e '\''s/^.*[	 ]\([ABCDGIRSTW][ABCDGIRSTW]*\)[	 ][	 ]*\([_A-Za-z][_A-Za-z0-9]*\)$/\1 \2 \2/p'\'' | /usr/bin/sed '\''/ __gnu_lto/d'\'''
lt_cv_sys_global_symbol_to_c_name_address='/usr/bin/sed -n -e '\''s/^: \(.*\) .*$/  {"\1", (void *) 0},/p'\'' -e '\''s/^[ABCDGIRSTW][ABCDGIRSTW]* .* \(.*\)$/  {"\1", (void *) \&\1},/p'\'''
lt_cv_sys_global_symbol_to_c_name_address_lib_prefix='/usr/bin/sed -n -e '\''s/^: \(.*\) .*$/  {"\1", (void *) 0},/p'\'' -e '\''s/^[ABCDGIRSTW][ABCDGIRSTW]* .* \(lib.*\)$/  {"\1", (void *) \&\1},/p'\'' -e '\''s/^[ABCDGIRSTW][ABCDGIRSTW]* .* \(.*\)$/  {"lib\1", (void *) \&\1},/p'\'''
lt_cv_sys_global_symbol_to_cdecl='/usr/bin/sed -n -e '\''s/^T .* \(.*\)$/extern int \1();/p'\'' -e '\''s/^[ABCDGIRSTW][ABCDGIRSTW]* .* \(.*\)$/extern char \1;/p'\'''
lt_cv_sys_global_symbol_to_import=
lt_cv_sys_max_cmd_len=1572864
lt_cv_to_host_file_cmd=func_convert_file_noop
lt_cv_to_tool_file_cmd=func_convert_file_noop
lt_cv_truncate_bin='/usr/bin/dd bs=4096 count=1'

## ----------------- ##
## Output variables. ##
## ----------------- ##

ACLOCAL='${SHELL} '\''/media/hbdesk/hb_desk_ext/lazy_phonememize/espeak-ng/missing'\'' aclocal-1.16'
AMDEPBACKSLASH='\'
AMDEP_FALSE='#'
AMDEP_TRUE=''
AMTAR='$${TAR-tar}'
AM_BACKSLASH='\'
AM_DEFAULT_V='$(AM_DEFAULT_VERBOSITY)'
AM_DEFAULT_VERBOSITY='0'
AM_V='$(V)'
AR='ar'
AUTOCONF='${SHELL} '\''/media/hbdesk/hb_desk_ext/lazy_phonememize/espeak-ng/missing'\'' autoconf'
AUTOHEADER='${SHELL} '\''/media/hbdesk/hb_desk_ext/lazy_phonememize/espeak-ng/missing'\'' autoheader'
AUTOMAKE='${SHELL} '\''/media/hbdesk/hb_desk_ext/lazy_phonememize/espeak-ng/missing'\'' automake-1.16'
AWK='gawk'
CC='gcc'
CCDEPMODE='depmode=gcc3'
CFLAGS='-fwrapv -Wunused-parameter -Wunused -Wuninitialized -Wreturn-type -Wmissing-prototypes -Wint-conversion -Wimplicit -g -O2 -std=c99'
CPPFLAGS=''
CSCOPE='cscope'
CTAGS='ctags'
CXX='g++'
CXXCPP='g++ -E'
CXXDEPMODE='depmode=gcc3'
CXXFLAGS='-g -O2'
CYGPATH_W='echo'
DEFS='-DHAVE_CONFIG_H'
DEPDIR='.deps'
DLLTOOL='false'
DSYMUTIL=''
DUMPBIN=''
ECHO_C=''
ECHO_N='-n'
ECHO_T=''
EGREP='/usr/bin/grep -E'
ETAGS='etags'
EXEEXT=''
FGREP='/usr/bin/grep -F'
FILECMD='file'
GRADLE=''
GREP='/usr/bin/grep'
HAVE_CMN_EXTENDED_DICTIONARY_FALSE='#'
HAVE_CMN_EXTENDED_DICTIONARY_TRUE=''
HAVE_GRADLE_FALSE=''
HAVE_GRADLE_TRUE='#'
HAVE_LIBFUZZER_FALSE=''
HAVE_LIBFUZZER_TRUE='#'
HAVE_RONN_FALSE=''
HAVE_RONN_TRUE='#'
HAVE_RU_EXTENDED_DICTIONARY_FALSE='#'
HAVE_RU_EXTENDED_DICTIONARY_TRUE=''
HAVE_YUE_EXTENDED_DICTIONARY_FALSE='#'
HAVE_YUE_EXTENDED_DICTIONARY_TRUE=''
INSTALL_DATA='${INSTALL} -m 644'
INSTALL_PROGRAM='${INSTALL}'
INSTALL_SCRIPT='${INSTALL}'
INSTALL_STRIP_PROGRAM='$(install_sh) -c -s'
KRAMDOWN='no'
LD='/usr/bin/ld -m elf_x86_64'
LDFLAGS=''
LIBFUZZER=''
LIBFUZZER_NO_MAIN=''
LIBOBJS=''
LIBS=''
LIBTOOL='$(SHELL) $(top_builddir)/libtool'
LIPO=''
LN_S='ln -s'
LTLIBOBJS=''
LT_SYS_LIBRARY_PATH=''
MAKEINFO='${SHELL} '\''/media/hbdesk/hb_desk_ext/lazy_phonememize/espeak-ng/missing'\'' makeinfo'
MANIFEST_TOOL=':'
MKDIR_P='/usr/bin/mkdir -p'
NM='/usr/bin/nm -B'
NMEDIT=''
OBJDUMP='objdump'
OBJEXT='o'
OPT_ASYNC_FALSE='#'
OPT_ASYNC_TRUE=''
OPT_KLATT_FALSE='#'
OPT_KLATT_TRUE=''
OPT_MBROLA_FALSE='#'
OPT_MBROLA_TRUE=''
OPT_SPEECHPLAYER_FALSE='#'
OPT_SPEECHPLAYER_TRUE=''
OTOOL64=''
OTOOL=''
PACKAGE='espeak-ng'
PACKAGE_BUGREPORT='https://github.com/espeak-ng/espeak-ng/issues'
PACKAGE_NAME='eSpeak NG'
PACKAGE_STRING='eSpeak NG 1.52.0'
PACKAGE_TARNAME='espeak-ng'
PACKAGE_URL='https://github.com/espeak-ng/espeak-ng'
PACKAGE_VERSION='1.52.0'
PATH_SEPARATOR=':'
PCAUDIOLIB_CFLAGS=''
PCAUDIOLIB_LIBS=''
RANLIB='ranlib'
RONN='no'
SED='/usr/bin/sed'
SET_MAKE=''
SHELL='/bin/bash'
SONIC_CFLAGS=''
STRIP='strip'
USE_COVERAGE_FALSE=''
USE_COVERAGE_TRUE='#'
VERSION='1.52.0'
ac_ct_AR='ar'
ac_ct_CC='gcc'
ac_ct_CXX='g++'
ac_ct_DUMPBIN=''
am__EXEEXT_FALSE=''
am__EXEEXT_TRUE='#'
am__fastdepCC_FALSE='#'
am__fastdepCC_TRUE=''
am__fastdepCXX_FALSE='#'
am__fastdepCXX_TRUE=''
am__include='include'
am__isrc=''
am__leading_dot='.'
am__nodep='_no'
am__quote=''
am__tar='$${TAR-tar} chof - "$$tardir"'
am__untar='$${TAR-tar} xf -'
bindir='${exec_prefix}/bin'
build='x86_64-pc-linux-gnu'
build_alias=''
build_cpu='x86_64'
build_os='linux-gnu'
build_vendor='pc'
datadir='${datarootdir}'
datarootdir='${prefix}/share'
docdir='${datarootdir}/doc/${PACKAGE_TARNAME}'
dvidir='${docdir}'
exec_prefix='${prefix}'
host='x86_64-pc-linux-gnu'
host_alias=''
host_cpu='x86_64'
host_os='linux-gnu'
host_vendor='pc'
htmldir='${docdir}'
includedir='${prefix}/include'
infodir='${datarootdir}/info'
install_sh='${SHELL} /media/hbdesk/hb_desk_ext/lazy_phonememize/espeak-ng/install-sh'
libdir='${exec_prefix}/lib'
libexecdir='${exec_prefix}/libexec'
localedir='${datarootdir}/locale'
localstatedir='${prefix}/var'
mandir='${datarootdir}/man'
mkdir_p='$(MKDIR_P)'
oldincludedir='/usr/include'
pdfdir='${docdir}'
prefix='/media/hbdesk/hb_desk_ext/lazy_phonememize/libs'
program_transform_name='s,x,x,'
psdir='${docdir}'
runstatedir='${localstatedir}/run'
sbindir='${exec_prefix}/sbin'
sharedstatedir='${prefix}/com'
sysconfdir='${prefix}/etc'
target_alias=''

## ----------- ##
## confdefs.h. ##
## ----------- ##

/* confdefs.h */
#define PACKAGE_NAME "eSpeak NG"
#define PACKAGE_TARNAME "espeak-ng"
#define PACKAGE_VERSION "1.52.0"
#define PACKAGE_STRING "eSpeak NG 1.52.0"
#define PACKAGE_BUGREPORT "https://github.com/espeak-ng/espeak-ng/issues"
#define PACKAGE_URL "https://github.com/espeak-ng/espeak-ng"
#define PACKAGE "espeak-ng"
#define VERSION "1.52.0"
#define HAVE_STDIO_H 1
#define HAVE_STDLIB_H 1
#define HAVE_STRING_H 1
#define HAVE_INTTYPES_H 1
#define HAVE_STDINT_H 1
#define HAVE_STRINGS_H 1
#define HAVE_SYS_STAT_H 1
#define HAVE_SYS_TYPES_H 1
#define HAVE_UNISTD_H 1
#define STDC_HEADERS 1
#define HAVE_DLFCN_H 1
#define LT_OBJDIR ".libs/"
#define HAVE_ENDIAN_H 1
#define HAVE_FCNTL_H 1
#define HAVE_GETOPT_H 1
#define HAVE_LOCALE_H 1
#define HAVE_STDDEF_H 1
#define HAVE_STDBOOL_H 1
#define HAVE_SYS_TIME_H 1
#define HAVE_WCHAR_H 1
#define HAVE_WCTYPE_H 1
#define HAVE_FORK 1
#define HAVE_VFORK 1
#define HAVE_WORKING_VFORK 1
#define HAVE_WORKING_FORK 1
#define HAVE_STRCOLL 1
#define HAVE_DUP2 1
#define HAVE_GETOPT_LONG 1
#define HAVE_GETTIMEOFDAY 1
#define HAVE_MALLOC 1
#define HAVE_MEMCHR 1
#define HAVE_MEMMOVE 1
#define HAVE_MEMSET 1
#define HAVE_MKDIR 1
#define HAVE_MKSTEMP 1
#define HAVE_REALLOC 1
#define HAVE_SETLOCALE 1
#define HAVE_STRCHR 1
#define HAVE_STRDUP 1
#define HAVE_STRERROR 1
#define HAVE_STRRCHR 1
#define HAVE_STRSTR 1
#define HAVE_VALGRIND_MEMCHECK_H 1

configure: exit 0
